timestamp: 2018-04-06T09:29:21.287930
CREATE TABLE "auth_user"(
    "id" INTEGER PRIMARY KEY AUTOINCREMENT,
    "first_name" CHAR(128),
    "last_name" CHAR(128),
    "email" CHAR(512),
    "password" CHAR(512),
    "registration_key" CHAR(512),
    "reset_password_key" CHAR(512),
    "registration_id" CHAR(512)
);
success!
timestamp: 2018-04-06T09:29:31.639845
CREATE TABLE "auth_group"(
    "id" INTEGER PRIMARY KEY AUTOINCREMENT,
    "role" CHAR(512),
    "description" TEXT
);
success!
timestamp: 2018-04-06T09:29:32.411163
CREATE TABLE "auth_membership"(
    "id" INTEGER PRIMARY KEY AUTOINCREMENT,
    "user_id" INTEGER REFERENCES "auth_user" ("id") ON DELETE CASCADE  ,
    "group_id" INTEGER REFERENCES "auth_group" ("id") ON DELETE CASCADE  
);
success!
timestamp: 2018-04-06T09:29:33.138453
CREATE TABLE "auth_permission"(
    "id" INTEGER PRIMARY KEY AUTOINCREMENT,
    "group_id" INTEGER REFERENCES "auth_group" ("id") ON DELETE CASCADE  ,
    "name" CHAR(512),
    "table_name" CHAR(512),
    "record_id" INTEGER
);
success!
timestamp: 2018-04-06T09:29:34.304327
CREATE TABLE "auth_event"(
    "id" INTEGER PRIMARY KEY AUTOINCREMENT,
    "time_stamp" TIMESTAMP,
    "client_ip" CHAR(512),
    "user_id" INTEGER REFERENCES "auth_user" ("id") ON DELETE CASCADE  ,
    "origin" CHAR(512),
    "description" TEXT
);
success!
timestamp: 2018-04-06T09:29:34.602483
CREATE TABLE "auth_cas"(
    "id" INTEGER PRIMARY KEY AUTOINCREMENT,
    "user_id" INTEGER REFERENCES "auth_user" ("id") ON DELETE CASCADE  ,
    "created_on" TIMESTAMP,
    "service" CHAR(512),
    "ticket" CHAR(512),
    "renew" CHAR(1)
);
success!
timestamp: 2018-04-09T03:08:03.925227
CREATE TABLE "pl_actividades"(
    "id" INTEGER PRIMARY KEY AUTOINCREMENT,
    "codigo" CHAR(512),
    "nombre" CHAR(512),
    "representacion" CHAR(512),
    "descripcion" CHAR(512)
);
success!
timestamp: 2018-04-09T03:44:17.710869
CREATE TABLE "pl_ciudades"(
    "id" INTEGER PRIMARY KEY AUTOINCREMENT,
    "codigo" CHAR(512),
    "nombre" CHAR(512)
);
success!
timestamp: 2018-04-11T12:26:49.875000
CREATE TABLE "pl_lista"(
    "id" INTEGER PRIMARY KEY AUTOINCREMENT,
    "codigo" CHAR(512),
    "nombre" CHAR(512),
    "estado" CHAR(512)
);
success!
timestamp: 2018-04-11T12:34:35.042000
CREATE TABLE "pl_clientes"(
    "id" INTEGER PRIMARY KEY AUTOINCREMENT,
    "nit" CHAR(512),
    "nombre" CHAR(512),
    "direccion" CHAR(512),
    "contacto" CHAR(512),
    "telefono" CHAR(512),
    "email" CHAR(512)
);
success!
timestamp: 2018-04-11T12:45:16.565000
CREATE TABLE "pl_proveedores"(
    "id" INTEGER PRIMARY KEY AUTOINCREMENT,
    "tipo_identificacion" TEXT,
    "identificacion" CHAR(512),
    "nombre" CHAR(512),
    "direccion" CHAR(512),
    "email" CHAR(512),
    "telefono" CHAR(512),
    "contacto" CHAR(512),
    "telefono_contacto" CHAR(512),
    "email_contacto" CHAR(512)
);
success!
timestamp: 2018-04-11T12:51:37.874000
CREATE TABLE "pl_productos_terminados"(
    "id" INTEGER PRIMARY KEY AUTOINCREMENT,
    "codigo" CHAR(512),
    "producto" CHAR(512),
    "estado" CHAR(512)
);
success!
timestamp: 2018-04-11T14:06:56.501000
ALTER TABLE "pl_actividades" ADD "estado" CHAR(512);
success!
timestamp: 2018-04-15T02:33:15.588000
ALTER TABLE "auth_user" ADD "cargo" CHAR(512);
timestamp: 2018-04-15T02:33:15.647000
ALTER TABLE "auth_user" ADD "genero" TEXT;
timestamp: 2018-04-15T02:33:15.653000
ALTER TABLE "auth_user" ADD "tipo" TEXT;
timestamp: 2018-04-15T02:33:15.690000
ALTER TABLE "auth_user" ADD "celular" CHAR(512);
timestamp: 2018-04-15T02:33:15.697000
ALTER TABLE "auth_user" ADD "foto" CHAR(512);
timestamp: 2018-04-15T02:33:15.703000
ALTER TABLE "auth_user" ADD "identificacion" CHAR(512);
success!
timestamp: 2018-04-16T14:44:06.770000
CREATE TABLE "cargos"(
    "id" INTEGER PRIMARY KEY AUTOINCREMENT,
    "codigo" CHAR(512),
    "cargo" CHAR(512),
    "descripcion" CHAR(512)
);
success!
success!
timestamp: 2018-04-16T16:13:17.240000
ALTER TABLE "auth_user" ADD "estado" CHAR(1);
success!
success!
success!
timestamp: 2018-04-16T17:16:01.246000
ALTER TABLE "pl_ciudades" ADD "estado" CHAR(1);
success!
success!
success!
success!
success!
success!
success!
success!
success!
success!
success!
success!
success!
success!
success!
success!
success!
success!
success!
success!
success!
success!
success!
success!
success!
success!
success!
success!
success!
success!
success!
success!
success!
success!
success!
success!
success!
success!
success!
success!
success!
success!
success!
success!
success!
success!
success!
success!
success!
success!
success!
success!
success!
success!
success!
success!
success!
success!
success!
success!
success!
success!
success!
success!
success!
success!
success!
success!
success!
success!
success!
success!
success!
success!
success!
success!
success!
success!
success!
success!
success!
success!
success!
success!
success!
success!
success!
success!
success!
success!
success!
success!
success!
success!
success!
success!
success!
success!
success!
timestamp: 2018-04-16T20:30:10.588000
ALTER TABLE "pl_clientes" ADD "estado" CHAR(1);
success!
success!
success!
success!
success!
success!
success!
success!
success!
timestamp: 2018-04-16T20:54:05.516000
ALTER TABLE "pl_proveedores" ADD "estado" CHAR(1);
success!
success!
success!
success!
success!
success!
success!
success!
success!
timestamp: 2018-04-16T21:01:04.030000
CREATE TABLE "pl_bodegas"(
    "id" INTEGER PRIMARY KEY AUTOINCREMENT,
    "codigo" CHAR(512),
    "bodega" CHAR(512)
);
success!
success!
timestamp: 2018-04-16T21:02:01.630000
CREATE TABLE "pl_productos_inventario"(
    "id" INTEGER PRIMARY KEY AUTOINCREMENT,
    "bodega" INTEGER REFERENCES "pl_bodegas" ("id") ON DELETE CASCADE  ,
    "producto" INTEGER REFERENCES "pl_productos_terminados" ("id") ON DELETE CASCADE  ,
    "cantidad" INTEGER,
    "valor_compra" DOUBLE,
    "valor_venta" DOUBLE,
    "is_active" CHAR(1),
    "created_on" TIMESTAMP,
    "created_by" INTEGER REFERENCES "auth_user" ("id") ON DELETE CASCADE  ,
    "modified_on" TIMESTAMP,
    "modified_by" INTEGER REFERENCES "auth_user" ("id") ON DELETE CASCADE  
);
success!
success!
success!
success!
success!
success!
success!
success!
success!
